##############################################################################
#                                                                            #
#                                                      30/Oct/2005  13:40:07 #
# IAR Atmel AVR C/C++ Compiler V4.10A/W32, Evaluation Version                #
# Copyright 1996-2005 IAR Systems. All rights reserved.                      #
#                                                                            #
#    Source file  =  E:\yanglq\projects\agsm\firmware_ed11\usbdrv\oddebug.c  #
#    Command line =  --cpu=m88 -ms -o E:\yanglq\projects\agsm\firmware_ed11\ #
#                    Release\Obj\ -D NDEBUG -lCN                             #
#                    E:\yanglq\projects\agsm\firmware_ed11\Release\List\     #
#                    -lB E:\yanglq\projects\agsm\firmware_ed11\Release\List\ #
#                     --initializers_in_flash -z9 --cross_call_passes=2      #
#                    -DENABLE_BIT_DEFINITIONS -e -I "E:\Program Files\IAR    #
#                    Systems\Embedded Workbench  Evaluation                  #
#                    version\avr\INC\" -I "E:\Program Files\IAR              #
#                    Systems\Embedded Workbench  Evaluation                  #
#                    version\avr\INC\CLIB\" --eeprom_size 512                #
#                    E:\yanglq\projects\agsm\firmware_ed11\usbdrv\oddebug.c  #
#    List file    =  E:\yanglq\projects\agsm\firmware_ed11\Release\List\odde #
#                    bug.lst                                                 #
#    Object file  =  E:\yanglq\projects\agsm\firmware_ed11\Release\Obj\oddeb #
#                    ug.r90                                                  #
#                                                                            #
#                                                                            #
##############################################################################

E:\yanglq\projects\agsm\firmware_ed11\usbdrv\oddebug.c
      1          /* Name: oddebug.c
      2           * Project: AVR library
      3           * Author: Christian Starkjohann
      4           * Creation Date: 2005-01-16
      5           * Tabsize: 4
      6           * Copyright: (c) 2005 by OBJECTIVE DEVELOPMENT Software GmbH
      7           * License: Proprietary, free under certain conditions. See Documentation.
      8           * This Revision: $Id: oddebug.c 52 2005-04-12 16:57:29Z cs $
      9           */
     10          
     11          #include <ioavr.h>
     12          #include "oddebug.h"
     13          
     14          #if	DEBUG_LEVEL > 0
     15          
     16          static void	uartPutc(char c)
     17          {
     18          	while(!(ODDBG_USR & (1 << UDRE)));	/* wait for data register empty */
     19          	ODDBG_UDR = c;
     20          }
     21          
     22          static uchar	hexAscii(uchar h)
     23          {
     24          	h &= 0xf;
     25          	if(h < 10){
     26          		h += '0';
     27          	}else{
     28          		h += 'a' - (uchar)10;
     29          	}
     30          	return h;
     31          }
     32          
     33          static void	printHex(uchar c)
     34          {
     35          	uartPutc(hexAscii(c >> 4));
     36          	uartPutc(hexAscii(c));
     37          }
     38          
     39          void	odDebug(uchar prefix, uchar *data, uchar len)
     40          {
     41          	printHex(prefix);
     42          	uartPutc(':');
     43          	while(len--){
     44          		uartPutc(' ');
     45          		printHex(*data++);
     46          	}
     47          	uartPutc('\r');
     48          	uartPutc('\n');
     49          }
     50          
     51          #endif


   Segment part sizes:

     Function/Label Bytes
     -------------- -----

 
 
 0 bytes of memory

Errors: none
Warnings: none
